# JRE version: OpenJDK Runtime Environment (17.0.10) (build 17.0.10+0--11609105)
# Java VM: OpenJDK 64-Bit Server VM (17.0.10+0--11609105, mixed mode, tiered, compressed oops, compressed class ptrs, parallel gc, windows-amd64)
GC Precious Log:
 CPUs: 8 total, 8 available
 Memory: 7778M
 Large Page Support: Disabled
 NUMA Support: Disabled
 Compressed Oops: Enabled (Zero based)
 Alignments: Space 512K, Generation 512K, Heap 2M
 Heap Min Capacity: 8M
 Heap Initial Capacity: 122M
 Heap Max Capacity: 4G
 Pre-touch: Disabled
 Parallel Workers: 8
Heap:
 PSYoungGen      total 1148416K, used 603116K [0x00000007aab00000, 0x0000000800000000, 0x0000000800000000)
  eden space 1005568K, 45% used [0x00000007aab00000,0x00000007c6cba938,0x00000007e8100000)
  from space 142848K, 99% used [0x00000007e8100000,0x00000007f0c40720,0x00000007f0c80000)
  to   space 199680K, 0% used [0x00000007f3d00000,0x00000007f3d00000,0x0000000800000000)
 ParOldGen       total 1425920K, used 1048380K [0x0000000700000000, 0x0000000757080000, 0x00000007aab00000)
  object space 1425920K, 73% used [0x0000000700000000,0x000000073ffcf198,0x0000000757080000)
 Metaspace       used 359879K, committed 363136K, reserved 1441792K
  class space    used 44938K, committed 46464K, reserved 1048576K
GC Heap History (20 events):
Event: 1047.351 GC heap before
{Heap before GC invocations=123 (full 11):
 PSYoungGen      total 1224704K, used 1124063K [0x00000007aab00000, 0x00000007ff880000, 0x0000000800000000)
  eden space 1058816K, 100% used [0x00000007aab00000,0x00000007eb500000,0x00000007eb500000)
  from space 165888K, 39% used [0x00000007f5680000,0x00000007f9637f38,0x00000007ff880000)
  to   space 165376K, 0% used [0x00000007eb500000,0x00000007eb500000,0x00000007f5680000)
 ParOldGen       total 1425920K, used 1269120K [0x0000000700000000, 0x0000000757080000, 0x00000007aab00000)
  object space 1425920K, 89% used [0x0000000700000000,0x000000074d7601d0,0x0000000757080000)
 Metaspace       used 350436K, committed 353856K, reserved 1376256K
  class space    used 43702K, committed 45312K, reserved 1048576K
}
Event: 1047.830 GC heap after
{Heap after GC invocations=123 (full 11):
 PSYoungGen      total 1224192K, used 76490K [0x00000007aab00000, 0x00000007ff480000, 0x0000000800000000)
  eden space 1058816K, 0% used [0x00000007aab00000,0x00000007aab00000,0x00000007eb500000)
  from space 165376K, 46% used [0x00000007eb500000,0x00000007effb2980,0x00000007f5680000)
  to   space 159744K, 0% used [0x00000007f5880000,0x00000007f5880000,0x00000007ff480000)
 ParOldGen       total 1425920K, used 1269176K [0x0000000700000000, 0x0000000757080000, 0x00000007aab00000)
  object space 1425920K, 89% used [0x0000000700000000,0x000000074d76e1d0,0x0000000757080000)
 Metaspace       used 350436K, committed 353856K, reserved 1376256K
  class space    used 43702K, committed 45312K, reserved 1048576K
}
Event: 1110.279 GC heap before
{Heap before GC invocations=124 (full 11):
 PSYoungGen      total 1224192K, used 1135306K [0x00000007aab00000, 0x00000007ff480000, 0x0000000800000000)
  eden space 1058816K, 100% used [0x00000007aab00000,0x00000007eb500000,0x00000007eb500000)
  from space 165376K, 46% used [0x00000007eb500000,0x00000007effb2980,0x00000007f5680000)
  to   space 159744K, 0% used [0x00000007f5880000,0x00000007f5880000,0x00000007ff480000)
 ParOldGen       total 1425920K, used 1269176K [0x0000000700000000, 0x0000000757080000, 0x00000007aab00000)
  object space 1425920K, 89% used [0x0000000700000000,0x000000074d76e1d0,0x0000000757080000)
 Metaspace       used 359238K, committed 362624K, reserved 1376256K
  class space    used 44715K, committed 46336K, reserved 1048576K
}
Event: 1117.503 GC heap after
{Heap after GC invocations=124 (full 11):
 PSYoungGen      total 1224192K, used 85989K [0x00000007aab00000, 0x00000007fec80000, 0x0000000800000000)
  eden space 1072640K, 0% used [0x00000007aab00000,0x00000007aab00000,0x00000007ec280000)
  from space 151552K, 56% used [0x00000007f5880000,0x00000007fac79538,0x00000007fec80000)
  to   space 152576K, 0% used [0x00000007ec280000,0x00000007ec280000,0x00000007f5780000)
 ParOldGen       total 1425920K, used 1269360K [0x0000000700000000, 0x0000000757080000, 0x00000007aab00000)
  object space 1425920K, 89% used [0x0000000700000000,0x000000074d79c1d0,0x0000000757080000)
 Metaspace       used 359238K, committed 362624K, reserved 1376256K
  class space    used 44715K, committed 46336K, reserved 1048576K
}
Event: 1187.836 GC heap before
{Heap before GC invocations=125 (full 11):
 PSYoungGen      total 1224192K, used 1158629K [0x00000007aab00000, 0x00000007fec80000, 0x0000000800000000)
  eden space 1072640K, 100% used [0x00000007aab00000,0x00000007ec280000,0x00000007ec280000)
  from space 151552K, 56% used [0x00000007f5880000,0x00000007fac79538,0x00000007fec80000)
  to   space 152576K, 0% used [0x00000007ec280000,0x00000007ec280000,0x00000007f5780000)
 ParOldGen       total 1425920K, used 1269360K [0x0000000700000000, 0x0000000757080000, 0x00000007aab00000)
  object space 1425920K, 89% used [0x0000000700000000,0x000000074d79c1d0,0x0000000757080000)
 Metaspace       used 381145K, committed 384640K, reserved 1441792K
  class space    used 47280K, committed 48960K, reserved 1048576K
}
Event: 1191.983 GC heap after
{Heap after GC invocations=125 (full 11):
 PSYoungGen      total 1225216K, used 152559K [0x00000007aab00000, 0x0000000800000000, 0x0000000800000000)
  eden space 1072640K, 0% used [0x00000007aab00000,0x00000007aab00000,0x00000007ec280000)
  from space 152576K, 99% used [0x00000007ec280000,0x00000007f577bef8,0x00000007f5780000)
  to   space 172544K, 0% used [0x00000007f5780000,0x00000007f5780000,0x0000000800000000)
 ParOldGen       total 1425920K, used 1323731K [0x0000000700000000, 0x0000000757080000, 0x00000007aab00000)
  object space 1425920K, 92% used [0x0000000700000000,0x0000000750cb4c00,0x0000000757080000)
 Metaspace       used 381145K, committed 384640K, reserved 1441792K
  class space    used 47280K, committed 48960K, reserved 1048576K
}
Event: 1207.569 GC heap before
{Heap before GC invocations=126 (full 11):
 PSYoungGen      total 1225216K, used 701989K [0x00000007aab00000, 0x0000000800000000, 0x0000000800000000)
  eden space 1072640K, 51% used [0x00000007aab00000,0x00000007cc38d5f0,0x00000007ec280000)
  from space 152576K, 99% used [0x00000007ec280000,0x00000007f577bef8,0x00000007f5780000)
  to   space 172544K, 0% used [0x00000007f5780000,0x00000007f5780000,0x0000000800000000)
 ParOldGen       total 1425920K, used 1323731K [0x0000000700000000, 0x0000000757080000, 0x00000007aab00000)
  object space 1425920K, 92% used [0x0000000700000000,0x0000000750cb4c00,0x0000000757080000)
 Metaspace       used 399538K, committed 403008K, reserved 1441792K
  class space    used 49457K, committed 51136K, reserved 1048576K
}
Event: 1209.283 GC heap after
{Heap after GC invocations=126 (full 11):
 PSYoungGen      total 1171968K, used 146753K [0x00000007aab00000, 0x0000000800000000, 0x0000000800000000)
  eden space 999424K, 0% used [0x00000007aab00000,0x00000007aab00000,0x00000007e7b00000)
  from space 172544K, 85% used [0x00000007f5780000,0x00000007fe6d0788,0x0000000800000000)
  to   space 199168K, 0% used [0x00000007e7b00000,0x00000007e7b00000,0x00000007f3d80000)
 ParOldGen       total 1425920K, used 1341572K [0x0000000700000000, 0x0000000757080000, 0x00000007aab00000)
  object space 1425920K, 94% used [0x0000000700000000,0x0000000751e211d0,0x0000000757080000)
 Metaspace       used 399538K, committed 403008K, reserved 1441792K
  class space    used 49457K, committed 51136K, reserved 1048576K
}
Event: 1209.284 GC heap before
{Heap before GC invocations=127 (full 12):
 PSYoungGen      total 1171968K, used 146753K [0x00000007aab00000, 0x0000000800000000, 0x0000000800000000)
  eden space 999424K, 0% used [0x00000007aab00000,0x00000007aab00000,0x00000007e7b00000)
  from space 172544K, 85% used [0x00000007f5780000,0x00000007fe6d0788,0x0000000800000000)
  to   space 199168K, 0% used [0x00000007e7b00000,0x00000007e7b00000,0x00000007f3d80000)
 ParOldGen       total 1425920K, used 1341572K [0x0000000700000000, 0x0000000757080000, 0x00000007aab00000)
  object space 1425920K, 94% used [0x0000000700000000,0x0000000751e211d0,0x0000000757080000)
 Metaspace       used 399538K, committed 403008K, reserved 1441792K
  class space    used 49457K, committed 51136K, reserved 1048576K
}
Event: 1261.674 GC heap after
{Heap after GC invocations=127 (full 12):
 PSYoungGen      total 1171968K, used 0K [0x00000007aab00000, 0x0000000800000000, 0x0000000800000000)
  eden space 999424K, 0% used [0x00000007aab00000,0x00000007aab00000,0x00000007e7b00000)
  from space 172544K, 0% used [0x00000007f5780000,0x00000007f5780000,0x0000000800000000)
  to   space 199168K, 0% used [0x00000007e7b00000,0x00000007e7b00000,0x00000007f3d80000)
 ParOldGen       total 1425920K, used 1048356K [0x0000000700000000, 0x0000000757080000, 0x00000007aab00000)
  object space 1425920K, 73% used [0x0000000700000000,0x000000073ffc9198,0x0000000757080000)
 Metaspace       used 303946K, committed 320832K, reserved 1441792K
  class space    used 38140K, committed 42112K, reserved 1048576K
}
Event: 1340.711 GC heap before
{Heap before GC invocations=128 (full 12):
 PSYoungGen      total 1171968K, used 999424K [0x00000007aab00000, 0x0000000800000000, 0x0000000800000000)
  eden space 999424K, 100% used [0x00000007aab00000,0x00000007e7b00000,0x00000007e7b00000)
  from space 172544K, 0% used [0x00000007f5780000,0x00000007f5780000,0x0000000800000000)
  to   space 199168K, 0% used [0x00000007e7b00000,0x00000007e7b00000,0x00000007f3d80000)
 ParOldGen       total 1425920K, used 1048356K [0x0000000700000000, 0x0000000757080000, 0x00000007aab00000)
  object space 1425920K, 73% used [0x0000000700000000,0x000000073ffc9198,0x0000000757080000)
 Metaspace       used 336218K, committed 339456K, reserved 1441792K
  class space    used 41886K, committed 43392K, reserved 1048576K
}
Event: 1350.573 GC heap after
{Heap after GC invocations=128 (full 12):
 PSYoungGen      total 1198592K, used 80191K [0x00000007aab00000, 0x0000000800000000, 0x0000000800000000)
  eden space 999424K, 0% used [0x00000007aab00000,0x00000007aab00000,0x00000007e7b00000)
  from space 199168K, 40% used [0x00000007e7b00000,0x00000007ec94fcc8,0x00000007f3d80000)
  to   space 193536K, 0% used [0x00000007f4300000,0x00000007f4300000,0x0000000800000000)
 ParOldGen       total 1425920K, used 1048364K [0x0000000700000000, 0x0000000757080000, 0x00000007aab00000)
  object space 1425920K, 73% used [0x0000000700000000,0x000000073ffcb198,0x0000000757080000)
 Metaspace       used 336218K, committed 339456K, reserved 1441792K
  class space    used 41886K, committed 43392K, reserved 1048576K
}
Event: 1398.036 GC heap before
{Heap before GC invocations=129 (full 12):
 PSYoungGen      total 1198592K, used 1079615K [0x00000007aab00000, 0x0000000800000000, 0x0000000800000000)
  eden space 999424K, 100% used [0x00000007aab00000,0x00000007e7b00000,0x00000007e7b00000)
  from space 199168K, 40% used [0x00000007e7b00000,0x00000007ec94fcc8,0x00000007f3d80000)
  to   space 193536K, 0% used [0x00000007f4300000,0x00000007f4300000,0x0000000800000000)
 ParOldGen       total 1425920K, used 1048364K [0x0000000700000000, 0x0000000757080000, 0x00000007aab00000)
  object space 1425920K, 73% used [0x0000000700000000,0x000000073ffcb198,0x0000000757080000)
 Metaspace       used 342281K, committed 345536K, reserved 1441792K
  class space    used 42757K, committed 44288K, reserved 1048576K
}
Event: 1402.238 GC heap after
{Heap after GC invocations=129 (full 12):
 PSYoungGen      total 1186816K, used 118184K [0x00000007aab00000, 0x00000007ff480000, 0x0000000800000000)
  eden space 1005056K, 0% used [0x00000007aab00000,0x00000007aab00000,0x00000007e8080000)
  from space 181760K, 65% used [0x00000007f4300000,0x00000007fb66a258,0x00000007ff480000)
  to   space 190464K, 0% used [0x00000007e8080000,0x00000007e8080000,0x00000007f3a80000)
 ParOldGen       total 1425920K, used 1048364K [0x0000000700000000, 0x0000000757080000, 0x00000007aab00000)
  object space 1425920K, 73% used [0x0000000700000000,0x000000073ffcb198,0x0000000757080000)
 Metaspace       used 342281K, committed 345536K, reserved 1441792K
  class space    used 42757K, committed 44288K, reserved 1048576K
}
Event: 1437.805 GC heap before
{Heap before GC invocations=130 (full 12):
 PSYoungGen      total 1186816K, used 1123240K [0x00000007aab00000, 0x00000007ff480000, 0x0000000800000000)
  eden space 1005056K, 100% used [0x00000007aab00000,0x00000007e8080000,0x00000007e8080000)
  from space 181760K, 65% used [0x00000007f4300000,0x00000007fb66a258,0x00000007ff480000)
  to   space 190464K, 0% used [0x00000007e8080000,0x00000007e8080000,0x00000007f3a80000)
 ParOldGen       total 1425920K, used 1048364K [0x0000000700000000, 0x0000000757080000, 0x00000007aab00000)
  object space 1425920K, 73% used [0x0000000700000000,0x000000073ffcb198,0x0000000757080000)
 Metaspace       used 347627K, committed 350912K, reserved 1441792K
  class space    used 43375K, committed 44928K, reserved 1048576K
}
Event: 1439.732 GC heap after
{Heap after GC invocations=130 (full 12):
 PSYoungGen      total 1195520K, used 120385K [0x00000007aab00000, 0x0000000800000000, 0x0000000800000000)
  eden space 1005056K, 0% used [0x00000007aab00000,0x00000007aab00000,0x00000007e8080000)
  from space 190464K, 63% used [0x00000007e8080000,0x00000007ef6104a8,0x00000007f3a80000)
  to   space 188416K, 0% used [0x00000007f4800000,0x00000007f4800000,0x0000000800000000)
 ParOldGen       total 1425920K, used 1048364K [0x0000000700000000, 0x0000000757080000, 0x00000007aab00000)
  object space 1425920K, 73% used [0x0000000700000000,0x000000073ffcb198,0x0000000757080000)
 Metaspace       used 347627K, committed 350912K, reserved 1441792K
  class space    used 43375K, committed 44928K, reserved 1048576K
}
Event: 1496.704 GC heap before
{Heap before GC invocations=131 (full 12):
 PSYoungGen      total 1195520K, used 1125441K [0x00000007aab00000, 0x0000000800000000, 0x0000000800000000)
  eden space 1005056K, 100% used [0x00000007aab00000,0x00000007e8080000,0x00000007e8080000)
  from space 190464K, 63% used [0x00000007e8080000,0x00000007ef6104a8,0x00000007f3a80000)
  to   space 188416K, 0% used [0x00000007f4800000,0x00000007f4800000,0x0000000800000000)
 ParOldGen       total 1425920K, used 1048364K [0x0000000700000000, 0x0000000757080000, 0x00000007aab00000)
  object space 1425920K, 73% used [0x0000000700000000,0x000000073ffcb198,0x0000000757080000)
 Metaspace       used 357785K, committed 361088K, reserved 1441792K
  class space    used 44636K, committed 46208K, reserved 1048576K
}
Event: 1497.613 GC heap after
{Heap after GC invocations=131 (full 12):
 PSYoungGen      total 1193984K, used 147728K [0x00000007aab00000, 0x0000000800000000, 0x0000000800000000)
  eden space 1005568K, 0% used [0x00000007aab00000,0x00000007aab00000,0x00000007e8100000)
  from space 188416K, 78% used [0x00000007f4800000,0x00000007fd8441e0,0x0000000800000000)
  to   space 196096K, 0% used [0x00000007e8100000,0x00000007e8100000,0x00000007f4080000)
 ParOldGen       total 1425920K, used 1048372K [0x0000000700000000, 0x0000000757080000, 0x00000007aab00000)
  object space 1425920K, 73% used [0x0000000700000000,0x000000073ffcd198,0x0000000757080000)
 Metaspace       used 357785K, committed 361088K, reserved 1441792K
  class space    used 44636K, committed 46208K, reserved 1048576K
}
Event: 1588.580 GC heap before
{Heap before GC invocations=132 (full 12):
 PSYoungGen      total 1193984K, used 1153296K [0x00000007aab00000, 0x0000000800000000, 0x0000000800000000)
  eden space 1005568K, 100% used [0x00000007aab00000,0x00000007e8100000,0x00000007e8100000)
  from space 188416K, 78% used [0x00000007f4800000,0x00000007fd8441e0,0x0000000800000000)
  to   space 196096K, 0% used [0x00000007e8100000,0x00000007e8100000,0x00000007f4080000)
 ParOldGen       total 1425920K, used 1048372K [0x0000000700000000, 0x0000000757080000, 0x00000007aab00000)
  object space 1425920K, 73% used [0x0000000700000000,0x000000073ffcd198,0x0000000757080000)
 Metaspace       used 359443K, committed 362688K, reserved 1441792K
  class space    used 44872K, committed 46400K, reserved 1048576K
}
Event: 1595.682 GC heap after
{Heap after GC invocations=132 (full 12):
 PSYoungGen      total 1148416K, used 142593K [0x00000007aab00000, 0x0000000800000000, 0x0000000800000000)
  eden space 1005568K, 0% used [0x00000007aab00000,0x00000007aab00000,0x00000007e8100000)
  from space 142848K, 99% used [0x00000007e8100000,0x00000007f0c40720,0x00000007f0c80000)
  to   space 199680K, 0% used [0x00000007f3d00000,0x00000007f3d00000,0x0000000800000000)
 ParOldGen       total 1425920K, used 1048380K [0x0000000700000000, 0x0000000757080000, 0x00000007aab00000)
  object space 1425920K, 73% used [0x0000000700000000,0x000000073ffcf198,0x0000000757080000)
 Metaspace       used 359443K, committed 362688K, reserved 1441792K
  class space    used 44872K, committed 46400K, reserved 1048576K
}

